<?xml version="1.0" encoding="UTF-8"?>
<!-- Generated by org.testng.reporters.JUnitReportReporter -->
<testsuite hostname="LAPTOP-FV1AVM16" failures="0" tests="2" name="rahulshettyacademy.tests.EndToEndTest" time="41.372" errors="0" timestamp="2025-10-18T01:31:29 IST" skipped="0">
  <testcase classname="rahulshettyacademy.tests.EndToEndTest" name="submitOrderTest" time="22.606"/>
  <system-out/>
  <testcase classname="rahulshettyacademy.tests.EndToEndTest" name="submitOrderTest" time="18.766"/>
  <system-out/>
</testsuite> <!-- rahulshettyacademy.tests.EndToEndTest -->
