<?xml version="1.0" encoding="UTF-8"?>
<!-- Generated by org.testng.reporters.JUnitReportReporter -->
<testsuite hostname="LAPTOP-FV1AVM16" failures="0" tests="2" name="org.sample.rahulshettyacademy.BaseTest" time="7.138" errors="0" timestamp="2025-10-15T01:05:27 IST" skipped="0">
  <testcase classname="org.sample.rahulshettyacademy.BaseTest" name="launchApp" time="3.156"/>
  <system-out/>
  <testcase classname="org.sample.rahulshettyacademy.BaseTest" name="initializeDriver" time="3.982"/>
  <system-out/>
</testsuite> <!-- org.sample.rahulshettyacademy.BaseTest -->
