<?xml version="1.0" encoding="UTF-8"?>
<!-- Generated by org.testng.reporters.JUnitReportReporter -->
<testsuite hostname="LAPTOP-FV1AVM16" failures="0" tests="2" name="org.sample.rahulshettyacademy.EndToEndTest" time="44.397" errors="0" timestamp="2025-10-16T00:39:06 IST" skipped="0">
  <testcase classname="org.sample.rahulshettyacademy.EndToEndTest" name="submitOrderTest" time="25.181"/>
  <system-out/>
  <testcase classname="org.sample.rahulshettyacademy.EndToEndTest" name="submitOrderTest" time="19.216"/>
  <system-out/>
</testsuite> <!-- org.sample.rahulshettyacademy.EndToEndTest -->
