<?xml version="1.0" encoding="UTF-8"?>
<!-- Generated by org.testng.reporters.JUnitReportReporter -->
<testsuite hostname="LAPTOP-FV1AVM16" failures="0" tests="2" name="rahulshettyacademy.tests.EndToEndTest" time="52.803" errors="0" timestamp="2025-10-26T20:09:31 IST" skipped="0">
  <testcase classname="rahulshettyacademy.tests.EndToEndTest" name="submitOrderTest" time="33.456"/>
  <system-out/>
  <testcase classname="rahulshettyacademy.tests.EndToEndTest" name="submitOrderTest" time="19.347"/>
  <system-out/>
</testsuite> <!-- rahulshettyacademy.tests.EndToEndTest -->
