<?xml version="1.0" encoding="UTF-8"?>
<!-- Generated by org.testng.reporters.JUnitReportReporter -->
<testsuite hostname="LAPTOP-FV1AVM16" failures="0" tests="2" name="rahulshettyacademy.tests.EndToEndTest" time="44.247" errors="0" timestamp="2025-10-24T01:14:05 IST" skipped="0">
  <testcase classname="rahulshettyacademy.tests.EndToEndTest" name="submitOrderTest" time="20.134"/>
  <system-out/>
  <testcase classname="rahulshettyacademy.tests.EndToEndTest" name="submitOrderTest" time="24.113"/>
  <system-out/>
</testsuite> <!-- rahulshettyacademy.tests.EndToEndTest -->
